<?xml version="1.0"?><!-- ex:set et ts=2: -->
<node name="/org/freedesktop/DBus/GLib/Test/Interfaces">
  <interface name="org.freedesktop.DBus.GLib.Test.Interfaces.Hello">
    <annotation name="org.freedesktop.DBus.GLib.CSymbol" value="test_hello_dbus"/>
    <method name="SayHello">
      <arg name="message" type="s" direction="out" />
    </method>
    <signal name="Greetings" />
  </interface>
</node>
