<?xml version="1.0"?><!-- ex:set et ts=2: -->
<node name="/org/freedesktop/DBus/GLib/Test/Interfaces">
  <interface name="org.freedesktop.DBus.GLib.Test.Interfaces.Song">
    <annotation name="org.freedesktop.DBus.GLib.CSymbol" value="test_song_dbus"/>
    <method name="GetTitle">
      <arg name="title" type="s" direction="out" />
    </method>
  </interface>
</node>
