<?xml version="1.0"?><!-- ex:set et ts=2: -->
<node name="/org/freedesktop/DBus/GLib/Test/Interfaces">
  <interface name="org.freedesktop.DBus.GLib.Test.Interfaces.Goodbye">
    <annotation name="org.freedesktop.DBus.GLib.CSymbol" value="test_goodbye_dbus"/>
    <method name="SayGoodbye">
      <arg name="message" type="s" direction="out" />
    </method>
  </interface>
</node>
