<?xml version="1.0"?><!-- ex:set et ts=2: -->
<node name="/org/freedesktop/DBus/GLib/Test/Interfaces">
  <interface name="org.freedesktop.DBus.GLib.Test.Interfaces.B">
    <property name="Foobar" type="u" access="readwrite"/>
  </interface>
</node>
