<?xml version="1.0" encoding="UTF-8" ?>

<node name="/org/freedesktop/DBus/GLib/Tests/MyTestObjectSubclass">
  <interface name="org.freedesktop.DBus.GLib.Tests.MyObjectSubclass">
    <property name="this_is_a_subclass_string" type="s" access="readwrite"/>
    <property name="this_is_a_subclass_uint" type="u" access="readwrite"/>
  </interface>
</node>
